<?xml version="1.0" encoding="UTF-8"?>
<testng-results ignored="0" total="1" passed="1" failed="0" skipped="0">
  <reporter-output>
    <line>
      <![CDATA[onStart]]>
    </line>
    <line>
      <![CDATA[testCase1]]>
    </line>
    <line>
      <![CDATA[onTestSuccess]]>
    </line>
  </reporter-output>
  <suite started-at="2024-08-08T13:23:48 IST" name="Suite" finished-at="2024-08-08T13:24:08 IST" duration-ms="19545">
    <groups>
    </groups>
    <test started-at="2024-08-08T13:23:48 IST" name="Test" finished-at="2024-08-08T13:24:08 IST" duration-ms="19545">
      <class name="TestCases.TestCaseNo1">
        <test-method is-config="true" signature="preConditions()[pri:0, instance:TestCases.TestCaseNo1@202b0582]" started-at="2024-08-08T13:23:49 IST" name="preConditions" finished-at="2024-08-08T13:23:57 IST" duration-ms="8243" status="PASS">
          <reporter-output>
          </reporter-output>
        </test-method> <!-- preConditions -->
        <test-method is-config="true" signature="login()[pri:0, instance:TestCases.TestCaseNo1@202b0582]" started-at="2024-08-08T13:23:57 IST" name="login" finished-at="2024-08-08T13:24:00 IST" duration-ms="2545" status="PASS">
          <reporter-output>
          </reporter-output>
        </test-method> <!-- login -->
        <test-method signature="testCase1()[pri:0, instance:TestCases.TestCaseNo1@202b0582]" started-at="2024-08-08T13:24:00 IST" name="testCase1" finished-at="2024-08-08T13:24:07 IST" duration-ms="7566" status="PASS">
          <reporter-output>
            <line>
              <![CDATA[testCase1]]>
            </line>
            <line>
              <![CDATA[onTestSuccess]]>
            </line>
          </reporter-output>
        </test-method> <!-- testCase1 -->
        <test-method is-config="true" signature="logout()[pri:0, instance:TestCases.TestCaseNo1@202b0582]" started-at="2024-08-08T13:24:07 IST" name="logout" finished-at="2024-08-08T13:24:07 IST" duration-ms="1" status="PASS">
          <reporter-output>
          </reporter-output>
        </test-method> <!-- logout -->
        <test-method is-config="true" signature="postCondition()[pri:0, instance:TestCases.TestCaseNo1@202b0582]" started-at="2024-08-08T13:24:07 IST" name="postCondition" finished-at="2024-08-08T13:24:08 IST" duration-ms="464" status="PASS">
          <reporter-output>
          </reporter-output>
        </test-method> <!-- postCondition -->
      </class> <!-- TestCases.TestCaseNo1 -->
    </test> <!-- Test -->
  </suite> <!-- Suite -->
</testng-results>
